<?xml version="1.0" encoding="UTF-8"?>
<!-- Generated by org.testng.reporters.JUnitXMLReporter -->
<testsuite ignored="0" hostname="DESKTOP-96MNN89" failures="1" tests="3" name="Run on chrome" time="14.159" errors="0" timestamp="19 thg 1 2023 15:30:37 GMT">
  <testcase classname="com.nopcommerce.user.Level_18_Pattern_Object" name="User_01_Register" time="4.743">
    <failure type="java.lang.AssertionError" message="expected [Your registration completed..] but found [Your registration completed]">
      <![CDATA[java.lang.AssertionError: expected [Your registration completed..] but found [Your registration completed]
at com.nopcommerce.user.Level_18_Pattern_Object.User_01_Register(Level_18_Pattern_Object.java:82)
... Removed 31 stack frames]]>
    </failure>
  </testcase> <!-- User_01_Register -->
  <testcase classname="com.nopcommerce.user.Level_18_Pattern_Object" name="User_02_Login" time="1.559"/>
  <testcase classname="com.nopcommerce.user.Level_18_Pattern_Object" name="User_03_My_Account" time="0.656"/>
</testsuite> <!-- Run on chrome -->
