<?xml version="1.0" encoding="UTF-8"?>
<testng-results ignored="0" total="2" passed="2" failed="0" skipped="0">
  <reporter-output>
  </reporter-output>
  <suite started-at="2023-01-19T14:15:02Z" name="Sourcelab - Sort" finished-at="2023-01-19T14:15:10Z" duration-ms="8519">
    <groups>
    </groups>
    <test started-at="2023-01-19T14:15:02Z" name="Run on FIREFOX" finished-at="2023-01-19T14:15:10Z" duration-ms="8519">
      <class name="com.saurcelab.sort.Level_19_Sort_Asc_Desc">
        <test-method is-config="true" signature="initBeforeSuite()[pri:0, instance:com.saurcelab.sort.Level_19_Sort_Asc_Desc@21618fa7]" started-at="2023-01-19T14:15:02Z" name="initBeforeSuite" finished-at="2023-01-19T14:15:02Z" duration-ms="58" status="PASS">
          <reporter-output>
          </reporter-output>
        </test-method> <!-- initBeforeSuite -->
        <test-method is-config="true" signature="beforeClass(java.lang.String, java.lang.String)[pri:0, instance:com.saurcelab.sort.Level_19_Sort_Asc_Desc@21618fa7]" started-at="2023-01-19T14:15:02Z" name="beforeClass" finished-at="2023-01-19T14:15:08Z" duration-ms="5785" status="PASS">
          <params>
            <param index="0">
              <value>
                <![CDATA[firefox]]>
              </value>
            </param>
            <param index="1">
              <value>
                <![CDATA[https://www.saucedemo.com/]]>
              </value>
            </param>
          </params>
          <reporter-output>
          </reporter-output>
        </test-method> <!-- beforeClass -->
        <test-method signature="TC_01_Name()[pri:0, instance:com.saurcelab.sort.Level_19_Sort_Asc_Desc@21618fa7]" started-at="2023-01-19T14:15:08Z" name="TC_01_Name" finished-at="2023-01-19T14:15:08Z" duration-ms="595" status="PASS">
          <reporter-output>
          </reporter-output>
        </test-method> <!-- TC_01_Name -->
        <test-method signature="TC_02_Price()[pri:0, instance:com.saurcelab.sort.Level_19_Sort_Asc_Desc@21618fa7]" started-at="2023-01-19T14:15:08Z" name="TC_02_Price" finished-at="2023-01-19T14:15:09Z" duration-ms="681" status="PASS">
          <reporter-output>
          </reporter-output>
        </test-method> <!-- TC_02_Price -->
        <test-method is-config="true" signature="afterClass()[pri:0, instance:com.saurcelab.sort.Level_19_Sort_Asc_Desc@21618fa7]" started-at="2023-01-19T14:15:09Z" name="afterClass" finished-at="2023-01-19T14:15:10Z" duration-ms="1237" status="PASS">
          <reporter-output>
          </reporter-output>
        </test-method> <!-- afterClass -->
      </class> <!-- com.saurcelab.sort.Level_19_Sort_Asc_Desc -->
    </test> <!-- Run on FIREFOX -->
  </suite> <!-- Sourcelab - Sort -->
</testng-results>
